    1  git -V
    2  git --version
    3  mkdir cs131
    4  cd cs131
    5  echo "this is my readme" > README.md
    6  git init
    7  ls
    8  git add README.md
    9  git status
   10  git commit -m "first commit"
   11  git config --global user.email "soham.bhowmick@sjsu.edu"
   12  git config --global user.name "Soham Bhowmick"
   13  git commit -m "first commit"
   14  git branch -M main
   15  git remote add origin https://github.com/Soham0047/cs131
   16  git push -u origin main
   17  git init
   18  cd cs131
   19  ls
   20  git branch -M main
   21  git remote add origin https://github.com/Soham0047/cs131
   22  git push -u origin main
   23  echo "add another line" >> README.md
   24  git status
   25  git commit -m "add another line in the README"
   26  git add README.md
   27  git push -u origin main
   28  ls
   29  cd cs131
   30  ls
   31  pwd
   32  ls
   33  mkdir sample1
   34  ls
   35  cd sample1
   36  mkdir sample2
   37  touch a.txt
   38  sample2/
   39  cd sample2/
   40  touch a.txt
   41  ls
   42  pws
   43  pwd
   44  cd ..
   45  touch ./b.txt
   46  ls
   47  cd ./sample1/sample2/
   48  cd ~
   49  pwd
   50  cd cs131
   51  file README.md
   52  file sample1/
   53  cat README.md
   54  less README.md
   55  man ls
   56  ls -a
   57  ls -la
   58  ls -las
   59  man ls
   60  ls -las
   61  ls -r
   62  man ls
   63  ls -las -r
   64  las -lark
   65  ls -lark
   66  man ls
   67  ls -S
   68  ls -atrhl
   69  cd /
   70  ls
   71  cd bin
   72  ls
   73  cd ..
   74  ls
   75  cd etc/
   76  cst passwd
   77  cat passwd
   78  cd ..
   79  ls
   80  cd cs131
   81  cd home
   82  cd cs131/
   83  cd
   84  cd cs131
   85  cd sample1/
   86  ls
   87  cp a.txt b.txt
   88  ls
   89  cp a.txt ./sample2/b.txt
   90  cd sample2/
   91  ls
   92  rm b.txt
   93  ls
   94  cd ..
   95  ls
   96  rm -r sample2/
   97  ls
   98  touch aa.txt
   99  touch aa123.txt
  100  ls
  101  ls ?.txt
  102  ls ??.txt
  103  ls *.txt
  104  ls [!a]*.txt
  105  ls [!b]*.txt
  106  ls *.txt
  107  ls g*.txt
  108  ls b*.txt
  109  ls Data???.txt
  110  ls [abc]*.txt
  111  touch c.txt
  112  ls [abc]*.txt
  113  ls Dataabc.txt
  114  ls Data???
  115  vim
  116  cd cs131
  117  cd sample1
  118  vim a.txt
  119  cd cs131
  120  vim
  121  cd cs131
  122  cd sample1/
  123  vim data.txt
  124  cat data.txt
  125  man sort
  126  vim data.txt
  127  sort data.txt
  128  cat data.txt
  129  uniq data.txt
  130  sort data.txt| uniq 
  131  cd cs131
  132  cd sample1/
  133  sort data.txt
  134  sort data.txt > sorted_data.txt
  135  ls
  136  cat sorted_data.txt
  137  ls > sorted_data.txt
  138  cat sorted_data.txt
  139  sort data.txt >> sorted_data.txt
  140  cat sorted_data.txt
  141  ls
  142  cat
  143  cd cs131
  144  cd sample1/
  145  history
  146  uniq data.txt
  147  sort data.txt
  148  uniq data.txt
  149  sort data.txt | uniq
  150  sort data.txt | uniq -c
  151  history | grep uniq
  152  history | grep uniq > uniq_result.txt
  153  ls
  154  cat uniq_result.txt
  155  wc data.txt
  156  cd cs131
  157  ../
  158  ..
  159  ./
  160  cd cs13
  161  cd cs131
  162  git log
  163  ls
  164  git log --pretty=format:'%h &ad %s' -- graph
  165  git log --pretty=format:'%h &ad %s' --graph
  166  vim ~/.gitconfig
  167  cat ~/.gitconfig
  168  git hist
  169  ls
  170  vim README.md
  171  git status
  172  git add README.md
  173  git commit -m "edit README.md"
  174  git hist
  175  git checkout 48417f1
  176  cat README.md
  177  git checkout main
  178  cat README.md
  179  vim README.md
  180  cat README.md
  181  git status
  182  git checkout README.md
  183  cat README.md
  184  vim README.md
  185  git add README.md
  186  git status
  187  git reset HEAD README.md
  188  cat REAME.md
  189  cat README.md
  190  git status
  191  cd cs131
  192  mkdir ws2
  193  cd ws2
  194  echo $HOME
  195  pwd
  196  id
  197  ls /proc | grep mem
  198  ls /proc | grep cpu
  199  head /proc/meminfo
  200  head /proc/cpuinfo
  201  tail /proc/cpuinfo
  202  cat /proc/cpuinfo
  203  cat /proc/cpuinfo | grep "processor"
  204  cat /proc/cpuinfo | grep "model name"
  205  cat /proc/cpuinfo | grep "cpu MHz"
  206  ls /etc/*release
  207  cat /etc/os-release
  208  echo "Home Directory: $(echo $HOME)" > ws2.txt
  209  id >> ws2.txt
  210  vim ws2.txt
  211  ls /proc | grep mem >> ws2.txt
  212  vim ws2.txt
  213  ls /proc | grep cpu >> ws2.txt
  214  vim ws2.txt
  215  head /proc/meminfo >> ws2.txt
  216  vim ws2.txt
  217  cat /proc/cpuinfo | grep "processor" >> ws2.txt
  218  vim ws2.txt
  219  cat /proc/cpuinfo | grep "model name" >> ws2.txt
  220  vim ws2.txt
  221  cat /proc/cpuinfo | grep "cpu MHz" >> ws2.txt
  222  vim ws2.txt
  223  cat /etc/os-release >> ws2.txt
  224  vim ws2.txt
  225  history > cmds.log
